<?xml version="1.0" encoding="UTF-8"?>
<!-- Generated by org.testng.reporters.JUnitReportReporter -->
<testsuite skipped="0" hostname="dhaval-PC" name="com.API_testing.rest_api_test" tests="2" failures="0" timestamp="09 Dec 2017 08:10:45 GMT" time="5.039" errors="0">
  <testcase name="setup" time="2.542" classname="com.API_testing.rest_api_test"/>
  <testcase name="getresponse" time="2.497" classname="com.API_testing.rest_api_test"/>
</testsuite> <!-- com.API_testing.rest_api_test -->
