<?xml version="1.0" encoding="UTF-8"?>
<!-- Generated by org.testng.reporters.JUnitReportReporter -->
<testsuite hostname="dhaval-PC" name="pom.tests.flightreservation.pom_flight_reservation_test" tests="1" failures="0" timestamp="25 Jun 2017 12:19:27 GMT" time="155.042" errors="0">
  <testcase name="flight_reservation" time="155.042" classname="pom.tests.flightreservation.pom_flight_reservation_test"/>
</testsuite> <!-- pom.tests.flightreservation.pom_flight_reservation_test -->
