<?xml version="1.0" encoding="UTF-8"?>
<!-- Generated by org.testng.reporters.JUnitReportReporter -->
<testsuite hostname="dhaval-PC" name="pom.tests.flightreservation.pom_flight_reservation_test" tests="1" failures="0" timestamp="25 Jun 2017 05:36:43 GMT" time="86.764" errors="0">
  <testcase name="flight_reservation" time="86.764" classname="pom.tests.flightreservation.pom_flight_reservation_test"/>
</testsuite> <!-- pom.tests.flightreservation.pom_flight_reservation_test -->
