<?xml version="1.0" encoding="UTF-8"?>
<!-- Generated by org.testng.reporters.JUnitReportReporter -->
<testsuite hostname="dhaval-PC" name="pack_jenkins.guru99_jenkins" tests="1" failures="0" timestamp="13 Aug 2017 06:48:13 GMT" time="6.983" errors="0">
  <testcase name="testEasy" time="6.983" classname="pack_jenkins.guru99_jenkins"/>
</testsuite> <!-- pack_jenkins.guru99_jenkins -->
