<?xml version="1.0" encoding="UTF-8"?>
<!-- Generated by org.testng.reporters.JUnitReportReporter -->
<testsuite skipped="0" hostname="dhaval-PC" name="tests.wordpress_login_test" tests="1" failures="0" timestamp="14 May 2017 05:07:34 GMT" time="48.439" errors="0">
  <testcase name="logintowordpress" time="48.439" classname="tests.wordpress_login_test"/>
</testsuite> <!-- tests.wordpress_login_test -->
