<?xml version="1.0" encoding="UTF-8"?>
<!-- Generated by org.testng.reporters.JUnitReportReporter -->
<testsuite skipped="0" hostname="dhaval-PC" name="tests.wordpress_login" tests="3" failures="0" timestamp="30 Apr 2017 04:52:07 GMT" time="95.755" errors="0">
  <testcase name="logintowordpress" time="29.099" classname="tests.wordpress_login"/>
  <testcase name="logintowordpress" time="42.610" classname="tests.wordpress_login"/>
  <testcase name="logintowordpress" time="24.046" classname="tests.wordpress_login"/>
</testsuite> <!-- tests.wordpress_login -->
