<?xml version="1.0" encoding="UTF-8"?>
<!-- Generated by org.testng.reporters.JUnitReportReporter -->
<testsuite hostname="dhaval-PC" name="tests_pf.flightreservation_test" tests="1" failures="0" timestamp="4 Jul 2017 17:12:09 GMT" time="262.797" errors="0">
  <testcase name="flightreservation_call" time="262.797" classname="tests_pf.flightreservation_test"/>
</testsuite> <!-- tests_pf.flightreservation_test -->
